<?xml version="1.0" encoding="UTF-8"?>
<!-- Generated by org.testng.reporters.JUnitReportReporter -->
<testsuite hostname="RameshCh" failures="0" tests="8" name="com.example.runner.CucumberRunnerTests" time="35.418" errors="0" timestamp="2024-11-16T07:50:02 CST" skipped="0">
  <testcase classname="com.example.runner.CucumberRunnerTests" name="runScenario" time="3.693"/>
  <testcase classname="com.example.runner.CucumberRunnerTests" name="runScenario" time="3.827"/>
  <testcase classname="com.example.runner.CucumberRunnerTests" name="runScenario" time="5.373"/>
  <testcase classname="com.example.runner.CucumberRunnerTests" name="runScenario" time="4.034"/>
  <testcase classname="com.example.runner.CucumberRunnerTests" name="runScenario" time="4.525"/>
  <testcase classname="com.example.runner.CucumberRunnerTests" name="runScenario" time="3.609"/>
  <testcase classname="com.example.runner.CucumberRunnerTests" name="runScenario" time="5.719"/>
  <testcase classname="com.example.runner.CucumberRunnerTests" name="runScenario" time="4.638"/>
</testsuite> <!-- com.example.runner.CucumberRunnerTests -->
